<?xml version="1.0" encoding="UTF-8"?>
<!-- Generated by org.testng.reporters.JUnitReportReporter -->
<testsuite hostname="Sathish" failures="0" tests="1" name="testCases.TC001_AccountRegistrationTest" time="3.872" errors="0" timestamp="2024-12-21T10:34:03 IST" skipped="0">
  <testcase classname="testCases.TC001_AccountRegistrationTest" name="test_account_registration" time="3.872"/>
  <system-out/>
</testsuite> <!-- testCases.TC001_AccountRegistrationTest -->
