<?xml version="1.0" encoding="UTF-8"?>
<!-- Generated by org.testng.reporters.JUnitReportReporter -->
<testsuite hostname="Sathish" failures="0" tests="1" name="testCases.TC001_AccountRegistrationTest" time="8.829" errors="0" timestamp="2024-08-22T15:19:14 IST" skipped="0">
  <testcase classname="testCases.TC001_AccountRegistrationTest" name="test_account_registration" time="8.829"/>
</testsuite> <!-- testCases.TC001_AccountRegistrationTest -->
