<?xml version="1.0" encoding="UTF-8"?>
<!-- Generated by org.testng.reporters.JUnitReportReporter -->
<testsuite hostname="Sathish" failures="0" tests="1" name="testCases.TC002_LoginTest" time="1.957" errors="0" timestamp="2024-11-30T14:26:03 IST" skipped="0">
  <testcase classname="testCases.TC002_LoginTest" name="testLogin" time="1.957"/>
  <system-out/>
</testsuite> <!-- testCases.TC002_LoginTest -->
