<?xml version="1.0" encoding="UTF-8"?>
<!-- Generated by org.testng.reporters.JUnitReportReporter -->
<testsuite hostname="Sathish" failures="0" tests="1" name="testCases.TC002_LoginTest" time="6.779" errors="0" timestamp="2024-08-22T15:19:14 IST" skipped="0">
  <testcase classname="testCases.TC002_LoginTest" name="testLogin" time="6.779"/>
</testsuite> <!-- testCases.TC002_LoginTest -->
