<?xml version="1.0" encoding="UTF-8"?>
<!-- Generated by org.testng.reporters.JUnitReportReporter -->
<testsuite hostname="Sathish" failures="0" tests="1" name="testCases.TC001_AccountRegistrationTest" time="3.364" errors="0" timestamp="2024-08-27T19:22:00 IST" skipped="0">
  <testcase classname="testCases.TC001_AccountRegistrationTest" name="test_account_registration" time="3.364"/>
</testsuite> <!-- testCases.TC001_AccountRegistrationTest -->
