<?xml version="1.0" encoding="UTF-8"?>
<!-- Generated by org.testng.reporters.JUnitReportReporter -->
<testsuite hostname="Sathish" failures="0" tests="1" name="testCases.TC002_LoginTest" time="2.280" errors="0" timestamp="2024-08-27T19:22:00 IST" skipped="0">
  <testcase classname="testCases.TC002_LoginTest" name="testLogin" time="2.280"/>
</testsuite> <!-- testCases.TC002_LoginTest -->
