<?xml version="1.0" encoding="UTF-8"?>
<!-- Generated by org.testng.reporters.JUnitReportReporter -->
<testsuite hostname="Sathish" failures="0" tests="1" name="testCases.TC002_LoginTest" time="4.427" errors="0" timestamp="2024-08-24T18:38:45 IST" skipped="0">
  <testcase classname="testCases.TC002_LoginTest" name="testLogin" time="4.427"/>
</testsuite> <!-- testCases.TC002_LoginTest -->
